
=== Sat Jan  9 17:38:28 2021

Packages were changed.
Update Mode: mergeDefaultDependencies

The following packages were added:
  com.unity.collab-proxy@1.2.16
  com.unity.modules.ai@1.0.0
  com.unity.modules.cloth@1.0.0
  com.unity.modules.director@1.0.0
  com.unity.modules.physics2d@1.0.0
  com.unity.modules.terrain@1.0.0
  com.unity.modules.terrainphysics@1.0.0
  com.unity.modules.tilemap@1.0.0
  com.unity.modules.vehicles@1.0.0
  com.unity.modules.vr@1.0.0
  com.unity.modules.wind@1.0.0
  com.unity.modules.xr@1.0.0
  com.unity.timeline@1.2.17
The following packages were updated:
  com.unity.mobile.notifications from version 1.0.3 to 1.3.2

=== Tue Jan 12 20:50:20 2021

Packages were changed.
Update Mode: mergeDefaultDependencies

The following packages were added:
  com.unity.2d.sprite@1.0.0
  com.unity.2d.tilemap@1.0.0
  com.unity.ads@3.4.4
  com.unity.analytics@3.3.5
  com.unity.cinemachine@2.3.3
  com.unity.multiplayer-hlapi@1.0.4
  com.unity.postprocessing@2.2.2
  com.unity.purchasing@2.0.6
  com.unity.xr.legacyinputhelpers@1.3.11
